2016-01-12 11:59:16,957 /Users/Olivialinlin/anaconda2/lib/python2.7/site-packages/psiturk/psiturk_js/psiturk.js
2016-01-12 11:59:17,214 /Users/Olivialinlin/anaconda2/lib/python2.7/site-packages/psiturk/psiturk_js/psiturk.js
2016-01-12 11:59:17,346 /Users/Olivialinlin/anaconda2/lib/python2.7/site-packages/psiturk/psiturk_js/psiturk.js
2016-01-12 11:59:17,447 /Users/Olivialinlin/anaconda2/lib/python2.7/site-packages/psiturk/psiturk_js/psiturk.js
2016-01-12 11:59:17,523 /Users/Olivialinlin/anaconda2/lib/python2.7/site-packages/psiturk/psiturk_js/psiturk.js
2016-01-12 11:59:17,541 /Users/Olivialinlin/anaconda2/lib/python2.7/site-packages/psiturk/psiturk_js/psiturk.js
2016-01-12 11:59:17,562 /Users/Olivialinlin/anaconda2/lib/python2.7/site-packages/psiturk/psiturk_js/psiturk.js
2016-01-12 11:59:17,589 /Users/Olivialinlin/anaconda2/lib/python2.7/site-packages/psiturk/psiturk_js/psiturk.js
2016-01-12 11:59:17,605 /Users/Olivialinlin/anaconda2/lib/python2.7/site-packages/psiturk/psiturk_js/psiturk.js
2016-01-12 12:07:04,142 /Users/Olivialinlin/anaconda2/lib/python2.7/site-packages/psiturk/psiturk_js/psiturk.js
2016-01-12 12:07:04,187 /Users/Olivialinlin/anaconda2/lib/python2.7/site-packages/psiturk/psiturk_js/psiturk.js
2016-01-12 12:07:04,288 /Users/Olivialinlin/anaconda2/lib/python2.7/site-packages/psiturk/psiturk_js/psiturk.js
2016-01-12 12:07:04,376 /Users/Olivialinlin/anaconda2/lib/python2.7/site-packages/psiturk/psiturk_js/psiturk.js
2016-01-12 12:07:04,421 /Users/Olivialinlin/anaconda2/lib/python2.7/site-packages/psiturk/psiturk_js/psiturk.js
2016-01-12 12:07:04,444 /Users/Olivialinlin/anaconda2/lib/python2.7/site-packages/psiturk/psiturk_js/psiturk.js
2016-01-12 12:07:04,451 /Users/Olivialinlin/anaconda2/lib/python2.7/site-packages/psiturk/psiturk_js/psiturk.js
2016-01-12 12:07:04,460 /Users/Olivialinlin/anaconda2/lib/python2.7/site-packages/psiturk/psiturk_js/psiturk.js
2016-01-12 12:07:04,464 /Users/Olivialinlin/anaconda2/lib/python2.7/site-packages/psiturk/psiturk_js/psiturk.js
Exception Exception KeyErrorKeyError: : KeyError(140706651633472,)KeyError(140706651633472,) in  in <module 'threading' from '/usr/lib/python2.7/threading.pyc'><module 'threading' from '/usr/lib/python2.7/threading.pyc'> ignored
 ignored
Exception KeyError:  in <module 'threading' from '/usr/lib/python2.7/threading.pyc'> ignored
2016-01-31 00:22:56,359 /usr/local/lib/python2.7/site-packages/psiturk/psiturk_js/psiturk.js
2016-01-31 00:22:56,499 /usr/local/lib/python2.7/site-packages/psiturk/psiturk_js/psiturk.js
2016-01-31 00:22:56,537 /usr/local/lib/python2.7/site-packages/psiturk/psiturk_js/psiturk.js
2016-01-31 00:48:53,200 /usr/local/lib/python2.7/site-packages/psiturk/psiturk_js/psiturk.js
2016-01-31 00:48:53,306 /usr/local/lib/python2.7/site-packages/psiturk/psiturk_js/psiturk.js
2016-01-31 00:48:53,317 /usr/local/lib/python2.7/site-packages/psiturk/psiturk_js/psiturk.js
2016-01-31 00:49:11,693 /usr/local/lib/python2.7/site-packages/psiturk/psiturk_js/psiturk.js
2016-01-31 00:49:11,744 /usr/local/lib/python2.7/site-packages/psiturk/psiturk_js/psiturk.js
2016-01-31 00:49:11,774 /usr/local/lib/python2.7/site-packages/psiturk/psiturk_js/psiturk.js
[2016-01-31 00:54:47 +0000] [21589] [CRITICAL] WORKER TIMEOUT (pid:21595)
2016-01-31 00:54:47,740 /usr/local/lib/python2.7/site-packages/psiturk/psiturk_js/psiturk.js
[2016-01-31 00:55:25 +0000] [21596] [ERROR] Error handling request
Traceback (most recent call last):
  File "/usr/local/lib/python2.7/site-packages/gunicorn/workers/sync.py", line 174, in handle_request
    resp.write_file(respiter)
  File "/usr/local/lib/python2.7/site-packages/gunicorn/http/wsgi.py", line 411, in write_file
    self.sendfile_all(fileno, self.sock.fileno(), fo_offset, nbytes)
  File "/usr/local/lib/python2.7/site-packages/gunicorn/http/wsgi.py", line 365, in sendfile_all
    sent += sendfile(sockno, fileno, offset + sent, nbytes - sent)
  File "/usr/local/lib/python2.7/site-packages/gunicorn/http/_sendfile.py", line 67, in sendfile
    raise OSError(e, os.strerror(e))
OSError: [Errno 32] Broken pipe
[2016-01-31 00:56:12 +0000] [21589] [CRITICAL] WORKER TIMEOUT (pid:21596)
2016-01-31 00:56:12,921 /usr/local/lib/python2.7/site-packages/psiturk/psiturk_js/psiturk.js
[2016-01-31 00:56:14 +0000] [21589] [CRITICAL] WORKER TIMEOUT (pid:21710)
2016-01-31 00:56:15,010 /usr/local/lib/python2.7/site-packages/psiturk/psiturk_js/psiturk.js
[2016-01-31 00:56:52 +0000] [21589] [CRITICAL] WORKER TIMEOUT (pid:21594)
2016-01-31 00:56:53,177 /usr/local/lib/python2.7/site-packages/psiturk/psiturk_js/psiturk.js
[2016-01-31 00:56:55 +0000] [21589] [CRITICAL] WORKER TIMEOUT (pid:21774)
2016-01-31 00:56:56,317 /usr/local/lib/python2.7/site-packages/psiturk/psiturk_js/psiturk.js
[2016-01-31 00:57:27 +0000] [21589] [CRITICAL] WORKER TIMEOUT (pid:21777)
[2016-01-31 00:57:27 +0000] [21589] [CRITICAL] WORKER TIMEOUT (pid:21790)
2016-01-31 00:57:27,645 /usr/local/lib/python2.7/site-packages/psiturk/psiturk_js/psiturk.js
2016-01-31 00:57:27,649 /usr/local/lib/python2.7/site-packages/psiturk/psiturk_js/psiturk.js
[2016-01-31 00:58:57 +0000] [21589] [CRITICAL] WORKER TIMEOUT (pid:21793)
2016-01-31 00:58:57,516 /usr/local/lib/python2.7/site-packages/psiturk/psiturk_js/psiturk.js
[2016-01-31 00:59:16 +0000] [21589] [CRITICAL] WORKER TIMEOUT (pid:21787)
2016-01-31 00:59:16,585 /usr/local/lib/python2.7/site-packages/psiturk/psiturk_js/psiturk.js
[2016-01-31 00:59:26 +0000] [21589] [CRITICAL] WORKER TIMEOUT (pid:21794)
2016-01-31 00:59:26,682 /usr/local/lib/python2.7/site-packages/psiturk/psiturk_js/psiturk.js
[2016-01-31 00:59:28 +0000] [21589] [CRITICAL] WORKER TIMEOUT (pid:21890)
2016-01-31 00:59:28,769 /usr/local/lib/python2.7/site-packages/psiturk/psiturk_js/psiturk.js
[2016-01-31 00:59:52 +0000] [21589] [CRITICAL] WORKER TIMEOUT (pid:21893)
2016-01-31 00:59:52,858 /usr/local/lib/python2.7/site-packages/psiturk/psiturk_js/psiturk.js
[2016-01-31 01:00:01 +0000] [21589] [CRITICAL] WORKER TIMEOUT (pid:21896)
2016-01-31 01:00:02,429 /usr/local/lib/python2.7/site-packages/psiturk/psiturk_js/psiturk.js
[2016-01-31 01:00:49 +0000] [21589] [CRITICAL] WORKER TIMEOUT (pid:21899)
2016-01-31 01:00:50,108 /usr/local/lib/python2.7/site-packages/psiturk/psiturk_js/psiturk.js
[2016-01-31 01:01:36 +0000] [21589] [CRITICAL] WORKER TIMEOUT (pid:21902)
2016-01-31 01:01:37,281 /usr/local/lib/python2.7/site-packages/psiturk/psiturk_js/psiturk.js
[2016-01-31 01:04:27 +0000] [21589] [CRITICAL] WORKER TIMEOUT (pid:21959)
2016-01-31 01:04:27,576 /usr/local/lib/python2.7/site-packages/psiturk/psiturk_js/psiturk.js
[2016-01-31 01:05:36 +0000] [21589] [CRITICAL] WORKER TIMEOUT (pid:21910)
2016-01-31 01:05:36,754 /usr/local/lib/python2.7/site-packages/psiturk/psiturk_js/psiturk.js
[2016-01-31 01:06:01 +0000] [21589] [CRITICAL] WORKER TIMEOUT (pid:21985)
2016-01-31 01:06:02,126 /usr/local/lib/python2.7/site-packages/psiturk/psiturk_js/psiturk.js
[2016-01-31 01:06:13 +0000] [21589] [CRITICAL] WORKER TIMEOUT (pid:22025)
2016-01-31 01:06:14,004 /usr/local/lib/python2.7/site-packages/psiturk/psiturk_js/psiturk.js
[2016-01-31 01:11:20 +0000] [21589] [CRITICAL] WORKER TIMEOUT (pid:22063)
2016-01-31 01:11:20,412 /usr/local/lib/python2.7/site-packages/psiturk/psiturk_js/psiturk.js
[2016-01-31 01:11:35 +0000] [21589] [CRITICAL] WORKER TIMEOUT (pid:22060)
2016-01-31 01:11:35,465 /usr/local/lib/python2.7/site-packages/psiturk/psiturk_js/psiturk.js
[2016-01-31 01:14:23 +0000] [21589] [CRITICAL] WORKER TIMEOUT (pid:22180)
2016-01-31 01:14:23,687 /usr/local/lib/python2.7/site-packages/psiturk/psiturk_js/psiturk.js
[2016-01-31 01:14:36 +0000] [21589] [CRITICAL] WORKER TIMEOUT (pid:22097)
2016-01-31 01:14:36,802 /usr/local/lib/python2.7/site-packages/psiturk/psiturk_js/psiturk.js
[2016-01-31 01:14:58 +0000] [21589] [CRITICAL] WORKER TIMEOUT (pid:22231)
2016-01-31 01:14:58,858 /usr/local/lib/python2.7/site-packages/psiturk/psiturk_js/psiturk.js
[2016-01-31 01:15:03 +0000] [21589] [CRITICAL] WORKER TIMEOUT (pid:22177)
2016-01-31 01:15:03,997 /usr/local/lib/python2.7/site-packages/psiturk/psiturk_js/psiturk.js
[2016-01-31 01:15:52 +0000] [21589] [CRITICAL] WORKER TIMEOUT (pid:22240)
2016-01-31 01:15:53,173 /usr/local/lib/python2.7/site-packages/psiturk/psiturk_js/psiturk.js
[2016-01-31 01:15:53 +0000] [21589] [CRITICAL] WORKER TIMEOUT (pid:22243)
2016-01-31 01:15:54,219 /usr/local/lib/python2.7/site-packages/psiturk/psiturk_js/psiturk.js
[2016-01-31 01:17:03 +0000] [21589] [CRITICAL] WORKER TIMEOUT (pid:22267)
2016-01-31 01:17:03,344 /usr/local/lib/python2.7/site-packages/psiturk/psiturk_js/psiturk.js
[2016-01-31 01:18:39 +0000] [21589] [CRITICAL] WORKER TIMEOUT (pid:22274)
2016-01-31 01:18:39,448 /usr/local/lib/python2.7/site-packages/psiturk/psiturk_js/psiturk.js
[2016-01-31 01:18:40 +0000] [21589] [CRITICAL] WORKER TIMEOUT (pid:22288)
2016-01-31 01:18:40,529 /usr/local/lib/python2.7/site-packages/psiturk/psiturk_js/psiturk.js
[2016-01-31 01:18:44 +0000] [21589] [CRITICAL] WORKER TIMEOUT (pid:22234)
2016-01-31 01:18:44,572 /usr/local/lib/python2.7/site-packages/psiturk/psiturk_js/psiturk.js
[2016-01-31 01:19:27 +0000] [21589] [CRITICAL] WORKER TIMEOUT (pid:22311)
[2016-01-31 01:19:27 +0000] [21589] [CRITICAL] WORKER TIMEOUT (pid:22314)
2016-01-31 01:19:28,036 /usr/local/lib/python2.7/site-packages/psiturk/psiturk_js/psiturk.js
2016-01-31 01:19:28,038 /usr/local/lib/python2.7/site-packages/psiturk/psiturk_js/psiturk.js
[2016-01-31 01:20:30 +0000] [21589] [CRITICAL] WORKER TIMEOUT (pid:22321)
2016-01-31 01:20:30,871 /usr/local/lib/python2.7/site-packages/psiturk/psiturk_js/psiturk.js
[2016-01-31 01:22:56 +0000] [21589] [CRITICAL] WORKER TIMEOUT (pid:22338)
2016-01-31 01:22:57,160 /usr/local/lib/python2.7/site-packages/psiturk/psiturk_js/psiturk.js
[2016-01-31 01:24:02 +0000] [21589] [CRITICAL] WORKER TIMEOUT (pid:22320)
2016-01-31 01:24:02,333 /usr/local/lib/python2.7/site-packages/psiturk/psiturk_js/psiturk.js
[2016-01-31 01:24:26 +0000] [21589] [CRITICAL] WORKER TIMEOUT (pid:22361)
2016-01-31 01:24:26,436 /usr/local/lib/python2.7/site-packages/psiturk/psiturk_js/psiturk.js
[2016-01-31 01:25:02 +0000] [21589] [CRITICAL] WORKER TIMEOUT (pid:22392)
2016-01-31 01:25:02,549 /usr/local/lib/python2.7/site-packages/psiturk/psiturk_js/psiturk.js
[2016-01-31 01:26:39 +0000] [21589] [CRITICAL] WORKER TIMEOUT (pid:22308)
2016-01-31 01:26:39,799 /usr/local/lib/python2.7/site-packages/psiturk/psiturk_js/psiturk.js
[2016-01-31 01:27:32 +0000] [21589] [CRITICAL] WORKER TIMEOUT (pid:22395)
2016-01-31 01:27:32,943 /usr/local/lib/python2.7/site-packages/psiturk/psiturk_js/psiturk.js
[2016-01-31 01:28:11 +0000] [21589] [CRITICAL] WORKER TIMEOUT (pid:22419)
2016-01-31 01:28:12,084 /usr/local/lib/python2.7/site-packages/psiturk/psiturk_js/psiturk.js
[2016-01-31 01:29:02 +0000] [21589] [CRITICAL] WORKER TIMEOUT (pid:22444)
2016-01-31 01:29:03,219 /usr/local/lib/python2.7/site-packages/psiturk/psiturk_js/psiturk.js
[2016-01-31 01:30:13 +0000] [21589] [CRITICAL] WORKER TIMEOUT (pid:22389)
2016-01-31 01:30:13,416 /usr/local/lib/python2.7/site-packages/psiturk/psiturk_js/psiturk.js
[2016-01-31 01:30:24 +0000] [21589] [CRITICAL] WORKER TIMEOUT (pid:22481)
2016-01-31 01:30:24,448 /usr/local/lib/python2.7/site-packages/psiturk/psiturk_js/psiturk.js
[2016-01-31 01:30:39 +0000] [21589] [CRITICAL] WORKER TIMEOUT (pid:22487)
2016-01-31 01:30:39,538 /usr/local/lib/python2.7/site-packages/psiturk/psiturk_js/psiturk.js
[2016-01-31 01:30:49 +0000] [21589] [CRITICAL] WORKER TIMEOUT (pid:22493)
2016-01-31 01:30:49,646 /usr/local/lib/python2.7/site-packages/psiturk/psiturk_js/psiturk.js
[2016-01-31 01:30:55 +0000] [21589] [CRITICAL] WORKER TIMEOUT (pid:22496)
2016-01-31 01:30:55,753 /usr/local/lib/python2.7/site-packages/psiturk/psiturk_js/psiturk.js
[2016-01-31 01:31:10 +0000] [21589] [CRITICAL] WORKER TIMEOUT (pid:22499)
2016-01-31 01:31:10,804 /usr/local/lib/python2.7/site-packages/psiturk/psiturk_js/psiturk.js
[2016-01-31 01:31:23 +0000] [21589] [CRITICAL] WORKER TIMEOUT (pid:22502)
2016-01-31 01:31:23,936 /usr/local/lib/python2.7/site-packages/psiturk/psiturk_js/psiturk.js
[2016-01-31 01:31:41 +0000] [21589] [CRITICAL] WORKER TIMEOUT (pid:22508)
2016-01-31 01:31:41,989 /usr/local/lib/python2.7/site-packages/psiturk/psiturk_js/psiturk.js
[2016-01-31 01:31:54 +0000] [21589] [CRITICAL] WORKER TIMEOUT (pid:22505)
2016-01-31 01:31:55,083 /usr/local/lib/python2.7/site-packages/psiturk/psiturk_js/psiturk.js
[2016-01-31 01:32:08 +0000] [21589] [CRITICAL] WORKER TIMEOUT (pid:22511)
2016-01-31 01:32:09,152 /usr/local/lib/python2.7/site-packages/psiturk/psiturk_js/psiturk.js
[2016-01-31 01:32:12 +0000] [21589] [CRITICAL] WORKER TIMEOUT (pid:22515)
2016-01-31 01:32:13,268 /usr/local/lib/python2.7/site-packages/psiturk/psiturk_js/psiturk.js
[2016-01-31 01:34:20 +0000] [21589] [CRITICAL] WORKER TIMEOUT (pid:22525)
2016-01-31 01:34:20,497 /usr/local/lib/python2.7/site-packages/psiturk/psiturk_js/psiturk.js
[2016-01-31 01:35:41 +0000] [22577] [ERROR] Error handling request
Traceback (most recent call last):
  File "/usr/local/lib/python2.7/site-packages/gunicorn/workers/sync.py", line 174, in handle_request
    resp.write_file(respiter)
  File "/usr/local/lib/python2.7/site-packages/gunicorn/http/wsgi.py", line 411, in write_file
    self.sendfile_all(fileno, self.sock.fileno(), fo_offset, nbytes)
  File "/usr/local/lib/python2.7/site-packages/gunicorn/http/wsgi.py", line 365, in sendfile_all
    sent += sendfile(sockno, fileno, offset + sent, nbytes - sent)
  File "/usr/local/lib/python2.7/site-packages/gunicorn/http/_sendfile.py", line 67, in sendfile
    raise OSError(e, os.strerror(e))
OSError: [Errno 32] Broken pipe
[2016-01-31 01:35:41 +0000] [22577] [ERROR] Error handling request
Traceback (most recent call last):
  File "/usr/local/lib/python2.7/site-packages/gunicorn/workers/sync.py", line 174, in handle_request
    resp.write_file(respiter)
  File "/usr/local/lib/python2.7/site-packages/gunicorn/http/wsgi.py", line 411, in write_file
    self.sendfile_all(fileno, self.sock.fileno(), fo_offset, nbytes)
  File "/usr/local/lib/python2.7/site-packages/gunicorn/http/wsgi.py", line 365, in sendfile_all
    sent += sendfile(sockno, fileno, offset + sent, nbytes - sent)
  File "/usr/local/lib/python2.7/site-packages/gunicorn/http/_sendfile.py", line 67, in sendfile
    raise OSError(e, os.strerror(e))
OSError: [Errno 32] Broken pipe
[2016-01-31 01:35:45 +0000] [21589] [CRITICAL] WORKER TIMEOUT (pid:22518)
2016-01-31 01:35:45,666 /usr/local/lib/python2.7/site-packages/psiturk/psiturk_js/psiturk.js
[2016-01-31 01:36:29 +0000] [21589] [CRITICAL] WORKER TIMEOUT (pid:22601)
2016-01-31 01:36:29,746 /usr/local/lib/python2.7/site-packages/psiturk/psiturk_js/psiturk.js
[2016-01-31 01:37:04 +0000] [21589] [CRITICAL] WORKER TIMEOUT (pid:22577)
2016-01-31 01:37:04,842 /usr/local/lib/python2.7/site-packages/psiturk/psiturk_js/psiturk.js
[2016-01-31 01:38:06 +0000] [21589] [CRITICAL] WORKER TIMEOUT (pid:22632)
2016-01-31 01:38:06,990 /usr/local/lib/python2.7/site-packages/psiturk/psiturk_js/psiturk.js
[2016-01-31 01:38:45 +0000] [21589] [CRITICAL] WORKER TIMEOUT (pid:22654)
2016-01-31 01:38:46,126 /usr/local/lib/python2.7/site-packages/psiturk/psiturk_js/psiturk.js
[2016-01-31 01:39:02 +0000] [21589] [CRITICAL] WORKER TIMEOUT (pid:22522)
2016-01-31 01:39:03,251 /usr/local/lib/python2.7/site-packages/psiturk/psiturk_js/psiturk.js
[2016-01-31 01:40:15 +0000] [21589] [CRITICAL] WORKER TIMEOUT (pid:22660)
2016-01-31 01:40:15,449 /usr/local/lib/python2.7/site-packages/psiturk/psiturk_js/psiturk.js
[2016-01-31 01:40:40 +0000] [21589] [CRITICAL] WORKER TIMEOUT (pid:22657)
2016-01-31 01:40:40,533 /usr/local/lib/python2.7/site-packages/psiturk/psiturk_js/psiturk.js
[2016-01-31 01:42:27 +0000] [21589] [CRITICAL] WORKER TIMEOUT (pid:22687)
2016-01-31 01:42:27,718 /usr/local/lib/python2.7/site-packages/psiturk/psiturk_js/psiturk.js
[2016-01-31 01:49:33 +0000] [21589] [CRITICAL] WORKER TIMEOUT (pid:22681)
2016-01-31 01:49:33,348 /usr/local/lib/python2.7/site-packages/psiturk/psiturk_js/psiturk.js
[2016-01-31 01:49:58 +0000] [21589] [CRITICAL] WORKER TIMEOUT (pid:22625)
2016-01-31 01:49:58,477 /usr/local/lib/python2.7/site-packages/psiturk/psiturk_js/psiturk.js
[2016-01-31 01:50:27 +0000] [21589] [CRITICAL] WORKER TIMEOUT (pid:22702)
2016-01-31 01:50:27,646 /usr/local/lib/python2.7/site-packages/psiturk/psiturk_js/psiturk.js
[2016-01-31 01:51:05 +0000] [21589] [CRITICAL] WORKER TIMEOUT (pid:22784)
2016-01-31 01:51:05,743 /usr/local/lib/python2.7/site-packages/psiturk/psiturk_js/psiturk.js
[2016-01-31 01:52:37 +0000] [21589] [CRITICAL] WORKER TIMEOUT (pid:22803)
2016-01-31 01:52:37,892 /usr/local/lib/python2.7/site-packages/psiturk/psiturk_js/psiturk.js
[2016-01-31 01:54:40 +0000] [21589] [CRITICAL] WORKER TIMEOUT (pid:22787)
2016-01-31 01:54:41,085 /usr/local/lib/python2.7/site-packages/psiturk/psiturk_js/psiturk.js
[2016-01-31 01:54:56 +0000] [21589] [CRITICAL] WORKER TIMEOUT (pid:22835)
2016-01-31 01:54:57,198 /usr/local/lib/python2.7/site-packages/psiturk/psiturk_js/psiturk.js
[2016-01-31 01:55:32 +0000] [21589] [CRITICAL] WORKER TIMEOUT (pid:22856)
2016-01-31 01:55:33,281 /usr/local/lib/python2.7/site-packages/psiturk/psiturk_js/psiturk.js
[2016-01-31 01:57:32 +0000] [21589] [CRITICAL] WORKER TIMEOUT (pid:22877)
2016-01-31 01:57:32,455 /usr/local/lib/python2.7/site-packages/psiturk/psiturk_js/psiturk.js
[2016-01-31 01:59:03 +0000] [21589] [CRITICAL] WORKER TIMEOUT (pid:22859)
2016-01-31 01:59:03,644 /usr/local/lib/python2.7/site-packages/psiturk/psiturk_js/psiturk.js
[2016-01-31 01:59:57 +0000] [21589] [CRITICAL] WORKER TIMEOUT (pid:22896)
2016-01-31 01:59:57,748 /usr/local/lib/python2.7/site-packages/psiturk/psiturk_js/psiturk.js
[2016-01-31 02:00:36 +0000] [21589] [CRITICAL] WORKER TIMEOUT (pid:22781)
2016-01-31 02:00:36,842 /usr/local/lib/python2.7/site-packages/psiturk/psiturk_js/psiturk.js
[2016-01-31 02:00:44 +0000] [21589] [CRITICAL] WORKER TIMEOUT (pid:22944)
[2016-01-31 02:00:44 +0000] [21589] [CRITICAL] WORKER TIMEOUT (pid:22927)
2016-01-31 02:00:45,216 /usr/local/lib/python2.7/site-packages/psiturk/psiturk_js/psiturk.js
2016-01-31 02:00:45,219 /usr/local/lib/python2.7/site-packages/psiturk/psiturk_js/psiturk.js
[2016-01-31 02:01:08 +0000] [21589] [CRITICAL] WORKER TIMEOUT (pid:22960)
2016-01-31 02:01:09,038 /usr/local/lib/python2.7/site-packages/psiturk/psiturk_js/psiturk.js
[2016-01-31 02:03:13 +0000] [21589] [CRITICAL] WORKER TIMEOUT (pid:23009)
2016-01-31 02:03:15,002 /usr/local/lib/python2.7/site-packages/psiturk/psiturk_js/psiturk.js
2016-01-31 02:03:46,160 Exception on /sync/A3JZEPQKJ8JX3N:3BXQMRHWK04C444L71IDOTD659VUMI [PUT]
Traceback (most recent call last):
  File "/usr/local/lib/python2.7/site-packages/flask/app.py", line 1817, in wsgi_app
    response = self.full_dispatch_request()
  File "/usr/local/lib/python2.7/site-packages/flask/app.py", line 1477, in full_dispatch_request
    rv = self.handle_user_exception(e)
  File "/usr/local/lib/python2.7/site-packages/flask/app.py", line 1381, in handle_user_exception
    reraise(exc_type, exc_value, tb)
  File "/usr/local/lib/python2.7/site-packages/flask/app.py", line 1475, in full_dispatch_request
    rv = self.dispatch_request()
  File "/usr/local/lib/python2.7/site-packages/flask/app.py", line 1461, in dispatch_request
    return self.view_functions[rule.endpoint](**req.view_args)
  File "/usr/local/lib/python2.7/site-packages/psiturk/experiment.py", line 522, in update
    db_session.commit()
  File "/usr/local/lib64/python2.7/site-packages/sqlalchemy/orm/scoping.py", line 150, in do
    return getattr(self.registry(), name)(*args, **kwargs)
  File "/usr/local/lib64/python2.7/site-packages/sqlalchemy/orm/session.py", line 790, in commit
    self.transaction.commit()
  File "/usr/local/lib64/python2.7/site-packages/sqlalchemy/orm/session.py", line 396, in commit
    t[1].commit()
  File "/usr/local/lib64/python2.7/site-packages/sqlalchemy/engine/base.py", line 1568, in commit
    self._do_commit()
  File "/usr/local/lib64/python2.7/site-packages/sqlalchemy/engine/base.py", line 1599, in _do_commit
    self.connection._commit_impl()
  File "/usr/local/lib64/python2.7/site-packages/sqlalchemy/engine/base.py", line 690, in _commit_impl
    self._handle_dbapi_exception(e, None, None, None, None)
  File "/usr/local/lib64/python2.7/site-packages/sqlalchemy/engine/base.py", line 1339, in _handle_dbapi_exception
    exc_info
  File "/usr/local/lib64/python2.7/site-packages/sqlalchemy/util/compat.py", line 199, in raise_from_cause
    reraise(type(exception), exception, tb=exc_tb)
  File "/usr/local/lib64/python2.7/site-packages/sqlalchemy/engine/base.py", line 688, in _commit_impl
    self.engine.dialect.do_commit(self.connection)
  File "/usr/local/lib64/python2.7/site-packages/sqlalchemy/engine/default.py", line 415, in do_commit
    dbapi_connection.commit()
OperationalError: (sqlite3.OperationalError) database is locked
2016-01-31 02:03:47,628 Exception on /exp [GET]
Traceback (most recent call last):
  File "/usr/local/lib/python2.7/site-packages/flask/app.py", line 1817, in wsgi_app
    response = self.full_dispatch_request()
  File "/usr/local/lib/python2.7/site-packages/flask/app.py", line 1477, in full_dispatch_request
    rv = self.handle_user_exception(e)
  File "/usr/local/lib/python2.7/site-packages/flask/app.py", line 1381, in handle_user_exception
    reraise(exc_type, exc_value, tb)
  File "/usr/local/lib/python2.7/site-packages/flask/app.py", line 1475, in full_dispatch_request
    rv = self.dispatch_request()
  File "/usr/local/lib/python2.7/site-packages/flask/app.py", line 1461, in dispatch_request
    return self.view_functions[rule.endpoint](**req.view_args)
  File "/usr/local/lib/python2.7/site-packages/psiturk/user_utils.py", line 15, in new_func
    resp = make_response(func(*args, **kwargs))
  File "/usr/local/lib/python2.7/site-packages/psiturk/experiment.py", line 356, in start_exp
    filter(Participant.workerid == worker_id).\
  File "/usr/local/lib64/python2.7/site-packages/sqlalchemy/orm/query.py", line 2398, in all
    return list(self)
  File "/usr/local/lib64/python2.7/site-packages/sqlalchemy/orm/query.py", line 2515, in __iter__
    return self._execute_and_instances(context)
  File "/usr/local/lib64/python2.7/site-packages/sqlalchemy/orm/query.py", line 2530, in _execute_and_instances
    result = conn.execute(querycontext.statement, self._params)
  File "/usr/local/lib64/python2.7/site-packages/sqlalchemy/engine/base.py", line 914, in execute
    return meth(self, multiparams, params)
  File "/usr/local/lib64/python2.7/site-packages/sqlalchemy/sql/elements.py", line 323, in _execute_on_connection
    return connection._execute_clauseelement(self, multiparams, params)
  File "/usr/local/lib64/python2.7/site-packages/sqlalchemy/engine/base.py", line 1010, in _execute_clauseelement
    compiled_sql, distilled_params
  File "/usr/local/lib64/python2.7/site-packages/sqlalchemy/engine/base.py", line 1146, in _execute_context
    context)
  File "/usr/local/lib64/python2.7/site-packages/sqlalchemy/engine/base.py", line 1339, in _handle_dbapi_exception
    exc_info
  File "/usr/local/lib64/python2.7/site-packages/sqlalchemy/util/compat.py", line 199, in raise_from_cause
    reraise(type(exception), exception, tb=exc_tb)
  File "/usr/local/lib64/python2.7/site-packages/sqlalchemy/engine/base.py", line 1139, in _execute_context
    context)
  File "/usr/local/lib64/python2.7/site-packages/sqlalchemy/engine/default.py", line 442, in do_execute
    cursor.execute(statement, parameters)
OperationalError: (sqlite3.OperationalError) database is locked [SQL: u'SELECT turkdemo.uniqueid AS turkdemo_uniqueid, turkdemo.assignmentid AS turkdemo_assignmentid, turkdemo.workerid AS turkdemo_workerid, turkdemo.hitid AS turkdemo_hitid, turkdemo.ipaddress AS turkdemo_ipaddress, turkdemo.browser AS turkdemo_browser, turkdemo.platform AS turkdemo_platform, turkdemo.language AS turkdemo_language, turkdemo.cond AS turkdemo_cond, turkdemo.counterbalance AS turkdemo_counterbalance, turkdemo.codeversion AS turkdemo_codeversion, turkdemo.beginhit AS turkdemo_beginhit, turkdemo.beginexp AS turkdemo_beginexp, turkdemo.endhit AS turkdemo_endhit, turkdemo.bonus AS turkdemo_bonus, turkdemo.status AS turkdemo_status, turkdemo.datastring AS turkdemo_datastring \nFROM turkdemo \nWHERE turkdemo.workerid = ?'] [parameters: (u'A3V35HZE7QYM4G',)]
[2016-01-31 02:05:50 +0000] [21589] [CRITICAL] WORKER TIMEOUT (pid:22964)
2016-01-31 02:05:51,719 /usr/local/lib/python2.7/site-packages/psiturk/psiturk_js/psiturk.js
[2016-01-31 02:07:08 +0000] [21589] [CRITICAL] WORKER TIMEOUT (pid:22963)
[2016-01-31 02:07:12 +0000] [21589] [CRITICAL] WORKER TIMEOUT (pid:23325)
2016-01-31 02:07:19,118 /usr/local/lib/python2.7/site-packages/psiturk/psiturk_js/psiturk.js
2016-01-31 02:07:19,118 /usr/local/lib/python2.7/site-packages/psiturk/psiturk_js/psiturk.js
[2016-01-31 02:07:26 +0000] [23579] [ERROR] Error handling request
Traceback (most recent call last):
  File "/usr/local/lib/python2.7/site-packages/gunicorn/workers/sync.py", line 174, in handle_request
    resp.write_file(respiter)
  File "/usr/local/lib/python2.7/site-packages/gunicorn/http/wsgi.py", line 411, in write_file
    self.sendfile_all(fileno, self.sock.fileno(), fo_offset, nbytes)
  File "/usr/local/lib/python2.7/site-packages/gunicorn/http/wsgi.py", line 365, in sendfile_all
    sent += sendfile(sockno, fileno, offset + sent, nbytes - sent)
  File "/usr/local/lib/python2.7/site-packages/gunicorn/http/_sendfile.py", line 67, in sendfile
    raise OSError(e, os.strerror(e))
OSError: [Errno 32] Broken pipe
[2016-01-31 02:08:03 +0000] [21589] [CRITICAL] WORKER TIMEOUT (pid:23597)
[2016-01-31 02:08:25 +0000] [21589] [CRITICAL] WORKER TIMEOUT (pid:23579)
[2016-01-31 02:08:32 +0000] [21589] [CRITICAL] WORKER TIMEOUT (pid:23596)
2016-01-31 02:08:43,460 /usr/local/lib/python2.7/site-packages/psiturk/psiturk_js/psiturk.js
2016-01-31 02:08:43,462 /usr/local/lib/python2.7/site-packages/psiturk/psiturk_js/psiturk.js
2016-01-31 02:08:43,464 /usr/local/lib/python2.7/site-packages/psiturk/psiturk_js/psiturk.js
[2016-01-31 02:08:43 +0000] [23605] [ERROR] Error handling request
Traceback (most recent call last):
  File "/usr/local/lib/python2.7/site-packages/gunicorn/workers/sync.py", line 174, in handle_request
    resp.write_file(respiter)
  File "/usr/local/lib/python2.7/site-packages/gunicorn/http/wsgi.py", line 411, in write_file
    self.sendfile_all(fileno, self.sock.fileno(), fo_offset, nbytes)
  File "/usr/local/lib/python2.7/site-packages/gunicorn/http/wsgi.py", line 365, in sendfile_all
    sent += sendfile(sockno, fileno, offset + sent, nbytes - sent)
  File "/usr/local/lib/python2.7/site-packages/gunicorn/http/_sendfile.py", line 67, in sendfile
    raise OSError(e, os.strerror(e))
OSError: [Errno 32] Broken pipe
[2016-01-31 02:08:43 +0000] [23604] [ERROR] Error handling request
Traceback (most recent call last):
  File "/usr/local/lib/python2.7/site-packages/gunicorn/workers/sync.py", line 174, in handle_request
    resp.write_file(respiter)
  File "/usr/local/lib/python2.7/site-packages/gunicorn/http/wsgi.py", line 411, in write_file
    self.sendfile_all(fileno, self.sock.fileno(), fo_offset, nbytes)
  File "/usr/local/lib/python2.7/site-packages/gunicorn/http/wsgi.py", line 365, in sendfile_all
    sent += sendfile(sockno, fileno, offset + sent, nbytes - sent)
  File "/usr/local/lib/python2.7/site-packages/gunicorn/http/_sendfile.py", line 67, in sendfile
    raise OSError(e, os.strerror(e))
OSError: [Errno 32] Broken pipe
[2016-01-31 02:08:43 +0000] [23604] [ERROR] Error handling request
Traceback (most recent call last):
  File "/usr/local/lib/python2.7/site-packages/gunicorn/workers/sync.py", line 174, in handle_request
    resp.write_file(respiter)
  File "/usr/local/lib/python2.7/site-packages/gunicorn/http/wsgi.py", line 411, in write_file
    self.sendfile_all(fileno, self.sock.fileno(), fo_offset, nbytes)
  File "/usr/local/lib/python2.7/site-packages/gunicorn/http/wsgi.py", line 365, in sendfile_all
    sent += sendfile(sockno, fileno, offset + sent, nbytes - sent)
  File "/usr/local/lib/python2.7/site-packages/gunicorn/http/_sendfile.py", line 67, in sendfile
    raise OSError(e, os.strerror(e))
OSError: [Errno 32] Broken pipe
[2016-01-31 02:08:43 +0000] [23605] [ERROR] Error handling request
Traceback (most recent call last):
  File "/usr/local/lib/python2.7/site-packages/gunicorn/workers/sync.py", line 174, in handle_request
    resp.write_file(respiter)
  File "/usr/local/lib/python2.7/site-packages/gunicorn/http/wsgi.py", line 411, in write_file
    self.sendfile_all(fileno, self.sock.fileno(), fo_offset, nbytes)
  File "/usr/local/lib/python2.7/site-packages/gunicorn/http/wsgi.py", line 365, in sendfile_all
    sent += sendfile(sockno, fileno, offset + sent, nbytes - sent)
  File "/usr/local/lib/python2.7/site-packages/gunicorn/http/_sendfile.py", line 67, in sendfile
    raise OSError(e, os.strerror(e))
OSError: [Errno 32] Broken pipe
2016-01-31 02:09:01,222 Exception on /exp [GET]
Traceback (most recent call last):
  File "/usr/local/lib/python2.7/site-packages/flask/app.py", line 1817, in wsgi_app
    response = self.full_dispatch_request()
  File "/usr/local/lib/python2.7/site-packages/flask/app.py", line 1477, in full_dispatch_request
    rv = self.handle_user_exception(e)
  File "/usr/local/lib/python2.7/site-packages/flask/app.py", line 1381, in handle_user_exception
    reraise(exc_type, exc_value, tb)
  File "/usr/local/lib/python2.7/site-packages/flask/app.py", line 1475, in full_dispatch_request
    rv = self.dispatch_request()
  File "/usr/local/lib/python2.7/site-packages/flask/app.py", line 1461, in dispatch_request
    return self.view_functions[rule.endpoint](**req.view_args)
  File "/usr/local/lib/python2.7/site-packages/psiturk/user_utils.py", line 15, in new_func
    resp = make_response(func(*args, **kwargs))
  File "/usr/local/lib/python2.7/site-packages/psiturk/experiment.py", line 386, in start_exp
    db_session.commit()
  File "/usr/local/lib64/python2.7/site-packages/sqlalchemy/orm/scoping.py", line 150, in do
    return getattr(self.registry(), name)(*args, **kwargs)
  File "/usr/local/lib64/python2.7/site-packages/sqlalchemy/orm/session.py", line 790, in commit
    self.transaction.commit()
  File "/usr/local/lib64/python2.7/site-packages/sqlalchemy/orm/session.py", line 392, in commit
    self._prepare_impl()
  File "/usr/local/lib64/python2.7/site-packages/sqlalchemy/orm/session.py", line 372, in _prepare_impl
    self.session.flush()
  File "/usr/local/lib64/python2.7/site-packages/sqlalchemy/orm/session.py", line 2004, in flush
    self._flush(objects)
  File "/usr/local/lib64/python2.7/site-packages/sqlalchemy/orm/session.py", line 2122, in _flush
    transaction.rollback(_capture_exception=True)
  File "/usr/local/lib64/python2.7/site-packages/sqlalchemy/util/langhelpers.py", line 60, in __exit__
    compat.reraise(exc_type, exc_value, exc_tb)
  File "/usr/local/lib64/python2.7/site-packages/sqlalchemy/orm/session.py", line 2086, in _flush
    flush_context.execute()
  File "/usr/local/lib64/python2.7/site-packages/sqlalchemy/orm/unitofwork.py", line 373, in execute
    rec.execute(self)
  File "/usr/local/lib64/python2.7/site-packages/sqlalchemy/orm/unitofwork.py", line 532, in execute
    uow
  File "/usr/local/lib64/python2.7/site-packages/sqlalchemy/orm/persistence.py", line 174, in save_obj
    mapper, table, insert)
  File "/usr/local/lib64/python2.7/site-packages/sqlalchemy/orm/persistence.py", line 728, in _emit_insert_statements
    execute(statement, multiparams)
  File "/usr/local/lib64/python2.7/site-packages/sqlalchemy/engine/base.py", line 914, in execute
    return meth(self, multiparams, params)
  File "/usr/local/lib64/python2.7/site-packages/sqlalchemy/sql/elements.py", line 323, in _execute_on_connection
    return connection._execute_clauseelement(self, multiparams, params)
  File "/usr/local/lib64/python2.7/site-packages/sqlalchemy/engine/base.py", line 1010, in _execute_clauseelement
    compiled_sql, distilled_params
  File "/usr/local/lib64/python2.7/site-packages/sqlalchemy/engine/base.py", line 1146, in _execute_context
    context)
  File "/usr/local/lib64/python2.7/site-packages/sqlalchemy/engine/base.py", line 1339, in _handle_dbapi_exception
    exc_info
  File "/usr/local/lib64/python2.7/site-packages/sqlalchemy/util/compat.py", line 199, in raise_from_cause
    reraise(type(exception), exception, tb=exc_tb)
  File "/usr/local/lib64/python2.7/site-packages/sqlalchemy/engine/base.py", line 1139, in _execute_context
    context)
  File "/usr/local/lib64/python2.7/site-packages/sqlalchemy/engine/default.py", line 442, in do_execute
    cursor.execute(statement, parameters)
IntegrityError: (sqlite3.IntegrityError) column uniqueid is not unique [SQL: u'INSERT INTO turkdemo (uniqueid, assignmentid, workerid, hitid, ipaddress, browser, platform, language, cond, counterbalance, codeversion, beginhit, beginexp, endhit, bonus, status, datastring) VALUES (?, ?, ?, ?, ?, ?, ?, ?, ?, ?, ?, ?, ?, ?, ?, ?, ?)'] [parameters: ('A1OD9OA9B34FL:3OE22WJIGJU3PJ2DZUPU52XBFAUQU3', u'3OE22WJIGJU3PJ2DZUPU52XBFAUQU3', u'A1OD9OA9B34FL', u'35U0MRQMUJDYU2G4Z42TNZ9ATKPOVZ', '68.36.119.228', 'chrome', 'windows', 'UNKNOWN', 0, 0, '1.0', '2016-01-31 02:09:01.176459', None, None, 0.0, 1, None)]
2016-01-31 02:09:01,221 Exception on /exp [GET]
Traceback (most recent call last):
  File "/usr/local/lib/python2.7/site-packages/flask/app.py", line 1817, in wsgi_app
    response = self.full_dispatch_request()
  File "/usr/local/lib/python2.7/site-packages/flask/app.py", line 1477, in full_dispatch_request
    rv = self.handle_user_exception(e)
  File "/usr/local/lib/python2.7/site-packages/flask/app.py", line 1381, in handle_user_exception
    reraise(exc_type, exc_value, tb)
  File "/usr/local/lib/python2.7/site-packages/flask/app.py", line 1475, in full_dispatch_request
    rv = self.dispatch_request()
  File "/usr/local/lib/python2.7/site-packages/flask/app.py", line 1461, in dispatch_request
    return self.view_functions[rule.endpoint](**req.view_args)
  File "/usr/local/lib/python2.7/site-packages/psiturk/user_utils.py", line 15, in new_func
    resp = make_response(func(*args, **kwargs))
  File "/usr/local/lib/python2.7/site-packages/psiturk/experiment.py", line 386, in start_exp
    db_session.commit()
  File "/usr/local/lib64/python2.7/site-packages/sqlalchemy/orm/scoping.py", line 150, in do
    return getattr(self.registry(), name)(*args, **kwargs)
  File "/usr/local/lib64/python2.7/site-packages/sqlalchemy/orm/session.py", line 790, in commit
    self.transaction.commit()
  File "/usr/local/lib64/python2.7/site-packages/sqlalchemy/orm/session.py", line 392, in commit
    self._prepare_impl()
  File "/usr/local/lib64/python2.7/site-packages/sqlalchemy/orm/session.py", line 372, in _prepare_impl
    self.session.flush()
  File "/usr/local/lib64/python2.7/site-packages/sqlalchemy/orm/session.py", line 2004, in flush
    self._flush(objects)
  File "/usr/local/lib64/python2.7/site-packages/sqlalchemy/orm/session.py", line 2122, in _flush
    transaction.rollback(_capture_exception=True)
  File "/usr/local/lib64/python2.7/site-packages/sqlalchemy/util/langhelpers.py", line 60, in __exit__
    compat.reraise(exc_type, exc_value, exc_tb)
  File "/usr/local/lib64/python2.7/site-packages/sqlalchemy/orm/session.py", line 2086, in _flush
    flush_context.execute()
  File "/usr/local/lib64/python2.7/site-packages/sqlalchemy/orm/unitofwork.py", line 373, in execute
    rec.execute(self)
  File "/usr/local/lib64/python2.7/site-packages/sqlalchemy/orm/unitofwork.py", line 532, in execute
    uow
  File "/usr/local/lib64/python2.7/site-packages/sqlalchemy/orm/persistence.py", line 174, in save_obj
    mapper, table, insert)
  File "/usr/local/lib64/python2.7/site-packages/sqlalchemy/orm/persistence.py", line 728, in _emit_insert_statements
    execute(statement, multiparams)
  File "/usr/local/lib64/python2.7/site-packages/sqlalchemy/engine/base.py", line 914, in execute
    return meth(self, multiparams, params)
  File "/usr/local/lib64/python2.7/site-packages/sqlalchemy/sql/elements.py", line 323, in _execute_on_connection
    return connection._execute_clauseelement(self, multiparams, params)
  File "/usr/local/lib64/python2.7/site-packages/sqlalchemy/engine/base.py", line 1010, in _execute_clauseelement
    compiled_sql, distilled_params
  File "/usr/local/lib64/python2.7/site-packages/sqlalchemy/engine/base.py", line 1146, in _execute_context
    context)
  File "/usr/local/lib64/python2.7/site-packages/sqlalchemy/engine/base.py", line 1339, in _handle_dbapi_exception
    exc_info
  File "/usr/local/lib64/python2.7/site-packages/sqlalchemy/util/compat.py", line 199, in raise_from_cause
    reraise(type(exception), exception, tb=exc_tb)
  File "/usr/local/lib64/python2.7/site-packages/sqlalchemy/engine/base.py", line 1139, in _execute_context
    context)
  File "/usr/local/lib64/python2.7/site-packages/sqlalchemy/engine/default.py", line 442, in do_execute
    cursor.execute(statement, parameters)
IntegrityError: (sqlite3.IntegrityError) column uniqueid is not unique [SQL: u'INSERT INTO turkdemo (uniqueid, assignmentid, workerid, hitid, ipaddress, browser, platform, language, cond, counterbalance, codeversion, beginhit, beginexp, endhit, bonus, status, datastring) VALUES (?, ?, ?, ?, ?, ?, ?, ?, ?, ?, ?, ?, ?, ?, ?, ?, ?)'] [parameters: ('A1OD9OA9B34FL:3OE22WJIGJU3PJ2DZUPU52XBFAUQU3', u'3OE22WJIGJU3PJ2DZUPU52XBFAUQU3', u'A1OD9OA9B34FL', u'35U0MRQMUJDYU2G4Z42TNZ9ATKPOVZ', '68.36.119.228', 'chrome', 'windows', 'UNKNOWN', 0, 0, '1.0', '2016-01-31 02:09:01.174668', None, None, 0.0, 1, None)]
[2016-01-31 02:16:07 +0000] [21589] [CRITICAL] WORKER TIMEOUT (pid:23604)
2016-01-31 02:16:07,783 /usr/local/lib/python2.7/site-packages/psiturk/psiturk_js/psiturk.js
[2016-01-31 02:16:24 +0000] [21589] [CRITICAL] WORKER TIMEOUT (pid:23605)
2016-01-31 02:16:24,490 /usr/local/lib/python2.7/site-packages/psiturk/psiturk_js/psiturk.js
[2016-01-31 02:17:53 +0000] [21589] [CRITICAL] WORKER TIMEOUT (pid:23798)
[2016-01-31 02:18:26 +0000] [21589] [CRITICAL] WORKER TIMEOUT (pid:23793)
[2016-01-31 02:18:48 +0000] [21589] [CRITICAL] WORKER TIMEOUT (pid:23938)
[2016-01-31 02:19:18 +0000] [21589] [CRITICAL] WORKER TIMEOUT (pid:23603)
2016-01-31 02:19:57,986 /usr/local/lib/python2.7/site-packages/psiturk/psiturk_js/psiturk.js
2016-01-31 02:19:57,988 /usr/local/lib/python2.7/site-packages/psiturk/psiturk_js/psiturk.js
2016-01-31 02:19:57,989 /usr/local/lib/python2.7/site-packages/psiturk/psiturk_js/psiturk.js
[2016-01-31 02:20:33 +0000] [21589] [CRITICAL] WORKER TIMEOUT (pid:23941)
[2016-01-31 02:21:05 +0000] [21589] [CRITICAL] WORKER TIMEOUT (pid:23942)
[2016-01-31 02:21:40 +0000] [21589] [CRITICAL] WORKER TIMEOUT (pid:23943)
2016-01-31 02:22:08,910 /usr/local/lib/python2.7/site-packages/psiturk/psiturk_js/psiturk.js
2016-01-31 02:22:08,912 /usr/local/lib/python2.7/site-packages/psiturk/psiturk_js/psiturk.js
2016-01-31 02:22:08,914 /usr/local/lib/python2.7/site-packages/psiturk/psiturk_js/psiturk.js
[2016-01-31 02:22:51 +0000] [21589] [CRITICAL] WORKER TIMEOUT (pid:23952)
2016-01-31 02:22:52,010 /usr/local/lib/python2.7/site-packages/psiturk/psiturk_js/psiturk.js
[2016-01-31 02:25:14 +0000] [21589] [CRITICAL] WORKER TIMEOUT (pid:23951)
2016-01-31 02:25:15,545 /usr/local/lib/python2.7/site-packages/psiturk/psiturk_js/psiturk.js
[2016-01-31 02:25:25 +0000] [21589] [CRITICAL] WORKER TIMEOUT (pid:23953)
2016-01-31 02:25:26,182 /usr/local/lib/python2.7/site-packages/psiturk/psiturk_js/psiturk.js
[2016-01-31 02:25:56 +0000] [21589] [CRITICAL] WORKER TIMEOUT (pid:24213)
2016-01-31 02:25:57,275 /usr/local/lib/python2.7/site-packages/psiturk/psiturk_js/psiturk.js
[2016-01-31 02:26:29 +0000] [21589] [CRITICAL] WORKER TIMEOUT (pid:24015)
2016-01-31 02:26:29,387 /usr/local/lib/python2.7/site-packages/psiturk/psiturk_js/psiturk.js
[2016-01-31 02:27:01 +0000] [21589] [CRITICAL] WORKER TIMEOUT (pid:24225)
2016-01-31 02:27:01,558 /usr/local/lib/python2.7/site-packages/psiturk/psiturk_js/psiturk.js
[2016-01-31 02:27:33 +0000] [21589] [CRITICAL] WORKER TIMEOUT (pid:24254)
2016-01-31 02:27:33,996 /usr/local/lib/python2.7/site-packages/psiturk/psiturk_js/psiturk.js
[2016-01-31 02:28:05 +0000] [21589] [CRITICAL] WORKER TIMEOUT (pid:24402)
2016-01-31 02:28:06,268 /usr/local/lib/python2.7/site-packages/psiturk/psiturk_js/psiturk.js
[2016-01-31 02:28:51 +0000] [21589] [CRITICAL] WORKER TIMEOUT (pid:24405)
[2016-01-31 02:29:31 +0000] [21589] [CRITICAL] WORKER TIMEOUT (pid:24229)
[2016-01-31 02:30:20 +0000] [21589] [CRITICAL] WORKER TIMEOUT (pid:24408)
[2016-01-31 02:30:34 +0000] [21589] [CRITICAL] WORKER TIMEOUT (pid:24409)
2016-01-31 02:41:52,171 /usr/local/lib/python2.7/site-packages/psiturk/psiturk_js/psiturk.js
2016-01-31 02:41:52,308 /usr/local/lib/python2.7/site-packages/psiturk/psiturk_js/psiturk.js
2016-01-31 02:41:52,330 /usr/local/lib/python2.7/site-packages/psiturk/psiturk_js/psiturk.js
2016-01-31 02:42:06,174 /usr/local/lib/python2.7/site-packages/psiturk/psiturk_js/psiturk.js
2016-01-31 02:42:06,301 /usr/local/lib/python2.7/site-packages/psiturk/psiturk_js/psiturk.js
2016-01-31 02:42:06,307 /usr/local/lib/python2.7/site-packages/psiturk/psiturk_js/psiturk.js
2016-01-31 03:42:04,549 /usr/local/lib/python2.7/site-packages/psiturk/psiturk_js/psiturk.js
2016-01-31 03:42:04,559 /usr/local/lib/python2.7/site-packages/psiturk/psiturk_js/psiturk.js
2016-01-31 03:42:04,563 /usr/local/lib/python2.7/site-packages/psiturk/psiturk_js/psiturk.js
2016-01-31 03:42:04,557 /usr/local/lib/python2.7/site-packages/psiturk/psiturk_js/psiturk.js
2016-01-31 23:07:05,857 /usr/local/lib/python2.7/site-packages/psiturk/psiturk_js/psiturk.js
2016-01-31 23:07:05,976 /usr/local/lib/python2.7/site-packages/psiturk/psiturk_js/psiturk.js
2016-01-31 23:07:06,020 /usr/local/lib/python2.7/site-packages/psiturk/psiturk_js/psiturk.js
Exception SystemExit: 0 in <module 'threading' from '/usr/lib/python2.7/threading.pyc'> ignored
Exception SystemExit: 0 in <module 'threading' from '/usr/lib/python2.7/threading.pyc'> ignored
Exception KeyError:  in <module 'threading' from '/usr/lib/python2.7/threading.pyc'> ignored
2016-04-19 16:04:18,020 /usr/local/lib/python2.7/dist-packages/psiturk/psiturk_js/psiturk.js
2016-04-19 16:04:18,200 /usr/local/lib/python2.7/dist-packages/psiturk/psiturk_js/psiturk.js
2016-04-19 16:04:18,220 /usr/local/lib/python2.7/dist-packages/psiturk/psiturk_js/psiturk.js
2016-04-19 16:04:18,297 /usr/local/lib/python2.7/dist-packages/psiturk/psiturk_js/psiturk.js
2016-04-19 16:04:18,308 /usr/local/lib/python2.7/dist-packages/psiturk/psiturk_js/psiturk.js
2016-04-19 16:04:18,380 /usr/local/lib/python2.7/dist-packages/psiturk/psiturk_js/psiturk.js
2016-04-19 16:04:18,382 /usr/local/lib/python2.7/dist-packages/psiturk/psiturk_js/psiturk.js
2016-04-19 16:04:18,415 /usr/local/lib/python2.7/dist-packages/psiturk/psiturk_js/psiturk.js
2016-04-19 16:04:18,462 /usr/local/lib/python2.7/dist-packages/psiturk/psiturk_js/psiturk.js
2016-04-19 16:09:41,257 /usr/local/lib/python2.7/dist-packages/psiturk/psiturk_js/psiturk.js
2016-04-19 16:09:41,328 /usr/local/lib/python2.7/dist-packages/psiturk/psiturk_js/psiturk.js
2016-04-19 16:09:41,635 /usr/local/lib/python2.7/dist-packages/psiturk/psiturk_js/psiturk.js
2016-04-19 16:09:41,727 /usr/local/lib/python2.7/dist-packages/psiturk/psiturk_js/psiturk.js
2016-04-19 16:09:41,777 /usr/local/lib/python2.7/dist-packages/psiturk/psiturk_js/psiturk.js
2016-04-19 16:09:41,784 /usr/local/lib/python2.7/dist-packages/psiturk/psiturk_js/psiturk.js
2016-04-19 16:09:41,831 /usr/local/lib/python2.7/dist-packages/psiturk/psiturk_js/psiturk.js
2016-04-19 16:09:41,864 /usr/local/lib/python2.7/dist-packages/psiturk/psiturk_js/psiturk.js
2016-04-19 16:09:41,869 /usr/local/lib/python2.7/dist-packages/psiturk/psiturk_js/psiturk.js
2016-04-19 16:11:46,437 /usr/local/lib/python2.7/dist-packages/psiturk/psiturk_js/psiturk.js
2016-04-19 16:11:46,564 /usr/local/lib/python2.7/dist-packages/psiturk/psiturk_js/psiturk.js
2016-04-19 16:11:46,637 /usr/local/lib/python2.7/dist-packages/psiturk/psiturk_js/psiturk.js
2016-04-19 16:11:46,840 /usr/local/lib/python2.7/dist-packages/psiturk/psiturk_js/psiturk.js
2016-04-19 16:11:46,922 /usr/local/lib/python2.7/dist-packages/psiturk/psiturk_js/psiturk.js
2016-04-19 16:11:46,935 /usr/local/lib/python2.7/dist-packages/psiturk/psiturk_js/psiturk.js
2016-04-19 16:11:46,972 /usr/local/lib/python2.7/dist-packages/psiturk/psiturk_js/psiturk.js
2016-04-19 16:11:46,998 /usr/local/lib/python2.7/dist-packages/psiturk/psiturk_js/psiturk.js
2016-04-19 16:11:47,045 /usr/local/lib/python2.7/dist-packages/psiturk/psiturk_js/psiturk.js
2016-04-30 10:11:31,057 /usr/local/lib/python2.7/dist-packages/psiturk/psiturk_js/psiturk.js
2016-04-30 10:11:31,093 /usr/local/lib/python2.7/dist-packages/psiturk/psiturk_js/psiturk.js
2016-04-30 10:11:31,364 /usr/local/lib/python2.7/dist-packages/psiturk/psiturk_js/psiturk.js
2016-04-30 10:11:31,454 /usr/local/lib/python2.7/dist-packages/psiturk/psiturk_js/psiturk.js
2016-04-30 10:11:31,569 /usr/local/lib/python2.7/dist-packages/psiturk/psiturk_js/psiturk.js
2016-04-30 10:11:31,610 /usr/local/lib/python2.7/dist-packages/psiturk/psiturk_js/psiturk.js
2016-04-30 10:11:31,635 /usr/local/lib/python2.7/dist-packages/psiturk/psiturk_js/psiturk.js
2016-04-30 10:11:31,638 /usr/local/lib/python2.7/dist-packages/psiturk/psiturk_js/psiturk.js
2016-04-30 10:11:31,669 /usr/local/lib/python2.7/dist-packages/psiturk/psiturk_js/psiturk.js
2016-04-30 10:21:37,134 /usr/local/lib/python2.7/dist-packages/psiturk/psiturk_js/psiturk.js
2016-04-30 10:21:37,355 /usr/local/lib/python2.7/dist-packages/psiturk/psiturk_js/psiturk.js
2016-04-30 10:21:37,363 /usr/local/lib/python2.7/dist-packages/psiturk/psiturk_js/psiturk.js
2016-04-30 10:21:37,401 /usr/local/lib/python2.7/dist-packages/psiturk/psiturk_js/psiturk.js
2016-04-30 10:21:37,483 /usr/local/lib/python2.7/dist-packages/psiturk/psiturk_js/psiturk.js
2016-04-30 10:21:37,573 /usr/local/lib/python2.7/dist-packages/psiturk/psiturk_js/psiturk.js
2016-04-30 10:21:37,579 /usr/local/lib/python2.7/dist-packages/psiturk/psiturk_js/psiturk.js
2016-04-30 10:21:37,585 /usr/local/lib/python2.7/dist-packages/psiturk/psiturk_js/psiturk.js
2016-04-30 10:21:37,610 /usr/local/lib/python2.7/dist-packages/psiturk/psiturk_js/psiturk.js
2016-04-30 11:26:10,749 /usr/local/lib/python2.7/dist-packages/psiturk/psiturk_js/psiturk.js
2016-04-30 11:26:11,184 /usr/local/lib/python2.7/dist-packages/psiturk/psiturk_js/psiturk.js
2016-04-30 11:26:11,446 /usr/local/lib/python2.7/dist-packages/psiturk/psiturk_js/psiturk.js
2016-04-30 11:26:11,610 /usr/local/lib/python2.7/dist-packages/psiturk/psiturk_js/psiturk.js
2016-04-30 11:26:11,621 /usr/local/lib/python2.7/dist-packages/psiturk/psiturk_js/psiturk.js
2016-04-30 11:26:11,624 /usr/local/lib/python2.7/dist-packages/psiturk/psiturk_js/psiturk.js
2016-04-30 11:26:11,670 /usr/local/lib/python2.7/dist-packages/psiturk/psiturk_js/psiturk.js
2016-04-30 11:26:11,732 /usr/local/lib/python2.7/dist-packages/psiturk/psiturk_js/psiturk.js
2016-04-30 11:26:11,793 /usr/local/lib/python2.7/dist-packages/psiturk/psiturk_js/psiturk.js
2016-05-03 12:37:40,504 /usr/local/lib/python2.7/dist-packages/psiturk/psiturk_js/psiturk.js
2016-05-03 12:37:40,560 /usr/local/lib/python2.7/dist-packages/psiturk/psiturk_js/psiturk.js
2016-05-03 12:37:40,678 /usr/local/lib/python2.7/dist-packages/psiturk/psiturk_js/psiturk.js
2016-05-03 12:37:40,831 /usr/local/lib/python2.7/dist-packages/psiturk/psiturk_js/psiturk.js
2016-05-03 12:37:40,860 /usr/local/lib/python2.7/dist-packages/psiturk/psiturk_js/psiturk.js
2016-05-03 12:37:40,955 /usr/local/lib/python2.7/dist-packages/psiturk/psiturk_js/psiturk.js
2016-05-03 12:37:40,986 /usr/local/lib/python2.7/dist-packages/psiturk/psiturk_js/psiturk.js
2016-05-03 12:37:41,051 /usr/local/lib/python2.7/dist-packages/psiturk/psiturk_js/psiturk.js
2016-05-03 12:37:41,051 /usr/local/lib/python2.7/dist-packages/psiturk/psiturk_js/psiturk.js
2016-05-03 12:38:24,496 /usr/local/lib/python2.7/dist-packages/psiturk/psiturk_js/psiturk.js
2016-05-03 12:38:24,817 /usr/local/lib/python2.7/dist-packages/psiturk/psiturk_js/psiturk.js
2016-05-03 12:38:24,822 /usr/local/lib/python2.7/dist-packages/psiturk/psiturk_js/psiturk.js
2016-05-03 12:38:25,039 /usr/local/lib/python2.7/dist-packages/psiturk/psiturk_js/psiturk.js
2016-05-03 12:38:25,145 /usr/local/lib/python2.7/dist-packages/psiturk/psiturk_js/psiturk.js
2016-05-03 12:38:25,192 /usr/local/lib/python2.7/dist-packages/psiturk/psiturk_js/psiturk.js
2016-05-03 12:38:25,238 /usr/local/lib/python2.7/dist-packages/psiturk/psiturk_js/psiturk.js
2016-05-03 12:38:25,357 /usr/local/lib/python2.7/dist-packages/psiturk/psiturk_js/psiturk.js
2016-05-03 12:38:25,380 /usr/local/lib/python2.7/dist-packages/psiturk/psiturk_js/psiturk.js
2016-05-03 12:40:02,973 /usr/local/lib/python2.7/dist-packages/psiturk/psiturk_js/psiturk.js
2016-05-03 12:40:03,308 /usr/local/lib/python2.7/dist-packages/psiturk/psiturk_js/psiturk.js
2016-05-03 12:40:03,465 /usr/local/lib/python2.7/dist-packages/psiturk/psiturk_js/psiturk.js
2016-05-03 12:40:03,588 /usr/local/lib/python2.7/dist-packages/psiturk/psiturk_js/psiturk.js
2016-05-03 12:40:03,653 /usr/local/lib/python2.7/dist-packages/psiturk/psiturk_js/psiturk.js
2016-05-03 12:40:03,732 /usr/local/lib/python2.7/dist-packages/psiturk/psiturk_js/psiturk.js
2016-05-03 12:40:03,743 /usr/local/lib/python2.7/dist-packages/psiturk/psiturk_js/psiturk.js
2016-05-03 12:40:03,807 /usr/local/lib/python2.7/dist-packages/psiturk/psiturk_js/psiturk.js
2016-05-03 12:40:03,809 /usr/local/lib/python2.7/dist-packages/psiturk/psiturk_js/psiturk.js
2016-05-03 12:46:15,020 /usr/local/lib/python2.7/dist-packages/psiturk/psiturk_js/psiturk.js
2016-05-03 12:46:15,533 /usr/local/lib/python2.7/dist-packages/psiturk/psiturk_js/psiturk.js
2016-05-03 12:46:15,724 /usr/local/lib/python2.7/dist-packages/psiturk/psiturk_js/psiturk.js
2016-05-03 12:46:15,901 /usr/local/lib/python2.7/dist-packages/psiturk/psiturk_js/psiturk.js
2016-05-03 12:46:15,910 /usr/local/lib/python2.7/dist-packages/psiturk/psiturk_js/psiturk.js
2016-05-03 12:46:15,967 /usr/local/lib/python2.7/dist-packages/psiturk/psiturk_js/psiturk.js
2016-05-03 12:46:15,973 /usr/local/lib/python2.7/dist-packages/psiturk/psiturk_js/psiturk.js
2016-05-03 12:46:16,041 /usr/local/lib/python2.7/dist-packages/psiturk/psiturk_js/psiturk.js
2016-05-03 12:46:16,044 /usr/local/lib/python2.7/dist-packages/psiturk/psiturk_js/psiturk.js
2016-05-03 15:50:14,667 /usr/local/lib/python2.7/dist-packages/psiturk/psiturk_js/psiturk.js
2016-05-03 15:50:14,785 /usr/local/lib/python2.7/dist-packages/psiturk/psiturk_js/psiturk.js
2016-05-03 15:50:14,998 /usr/local/lib/python2.7/dist-packages/psiturk/psiturk_js/psiturk.js
2016-05-03 15:50:15,059 /usr/local/lib/python2.7/dist-packages/psiturk/psiturk_js/psiturk.js
2016-05-03 15:50:15,117 /usr/local/lib/python2.7/dist-packages/psiturk/psiturk_js/psiturk.js
2016-05-03 15:50:15,147 /usr/local/lib/python2.7/dist-packages/psiturk/psiturk_js/psiturk.js
2016-05-03 15:50:15,193 /usr/local/lib/python2.7/dist-packages/psiturk/psiturk_js/psiturk.js
2016-05-03 15:50:15,230 /usr/local/lib/python2.7/dist-packages/psiturk/psiturk_js/psiturk.js
2016-05-03 15:50:15,233 /usr/local/lib/python2.7/dist-packages/psiturk/psiturk_js/psiturk.js
2016-05-03 15:51:21,328 /usr/local/lib/python2.7/dist-packages/psiturk/psiturk_js/psiturk.js
2016-05-03 15:51:21,500 /usr/local/lib/python2.7/dist-packages/psiturk/psiturk_js/psiturk.js
2016-05-03 15:51:21,618 /usr/local/lib/python2.7/dist-packages/psiturk/psiturk_js/psiturk.js
2016-05-03 15:51:21,628 /usr/local/lib/python2.7/dist-packages/psiturk/psiturk_js/psiturk.js
2016-05-03 15:51:21,659 /usr/local/lib/python2.7/dist-packages/psiturk/psiturk_js/psiturk.js
2016-05-03 15:51:21,678 /usr/local/lib/python2.7/dist-packages/psiturk/psiturk_js/psiturk.js
2016-05-03 15:51:21,764 /usr/local/lib/python2.7/dist-packages/psiturk/psiturk_js/psiturk.js
2016-05-03 15:51:21,766 /usr/local/lib/python2.7/dist-packages/psiturk/psiturk_js/psiturk.js
2016-05-03 15:51:21,784 /usr/local/lib/python2.7/dist-packages/psiturk/psiturk_js/psiturk.js
2016-05-03 15:52:48,635 /usr/local/lib/python2.7/dist-packages/psiturk/psiturk_js/psiturk.js
2016-05-03 15:52:48,706 /usr/local/lib/python2.7/dist-packages/psiturk/psiturk_js/psiturk.js
2016-05-03 15:52:49,019 /usr/local/lib/python2.7/dist-packages/psiturk/psiturk_js/psiturk.js
2016-05-03 15:52:49,104 /usr/local/lib/python2.7/dist-packages/psiturk/psiturk_js/psiturk.js
2016-05-03 15:52:49,156 /usr/local/lib/python2.7/dist-packages/psiturk/psiturk_js/psiturk.js
2016-05-03 15:52:49,190 /usr/local/lib/python2.7/dist-packages/psiturk/psiturk_js/psiturk.js
2016-05-03 15:52:49,243 /usr/local/lib/python2.7/dist-packages/psiturk/psiturk_js/psiturk.js
2016-05-03 15:52:49,255 /usr/local/lib/python2.7/dist-packages/psiturk/psiturk_js/psiturk.js
2016-05-03 15:52:49,285 /usr/local/lib/python2.7/dist-packages/psiturk/psiturk_js/psiturk.js
2016-05-04 11:56:47,592 /usr/local/lib/python2.7/dist-packages/psiturk/psiturk_js/psiturk.js
2016-05-04 11:56:47,790 /usr/local/lib/python2.7/dist-packages/psiturk/psiturk_js/psiturk.js
2016-05-04 11:56:47,925 /usr/local/lib/python2.7/dist-packages/psiturk/psiturk_js/psiturk.js
2016-05-04 11:56:47,940 /usr/local/lib/python2.7/dist-packages/psiturk/psiturk_js/psiturk.js
2016-05-04 11:56:48,054 /usr/local/lib/python2.7/dist-packages/psiturk/psiturk_js/psiturk.js
2016-05-04 11:56:48,101 /usr/local/lib/python2.7/dist-packages/psiturk/psiturk_js/psiturk.js
2016-05-04 11:56:48,116 /usr/local/lib/python2.7/dist-packages/psiturk/psiturk_js/psiturk.js
2016-05-04 11:56:48,126 /usr/local/lib/python2.7/dist-packages/psiturk/psiturk_js/psiturk.js
2016-05-04 11:56:48,141 /usr/local/lib/python2.7/dist-packages/psiturk/psiturk_js/psiturk.js
